Results of Simulation 1

Time	CR_mgL	CS_mgL	CK_mgL	CH_mgL	CBL_mgL	BalErr
0	0	0	0	0	0	0
0.1	94.4253	32.0256	239.702	55.9672	151.672	-1.74682e-07
0.2	47.9105	16.2782	122.892	23.2906	76.8085	-1.74696e-07
0.3	24.1519	8.20598	61.9549	11.7245	38.719	-1.74694e-07
0.4	12.1748	4.13657	31.231	5.91024	19.5179	-1.74693e-07
0.5	6.13706	2.08517	15.7429	2.97924	9.83861	-1.74691e-07
0.6	3.09354	1.05108	7.93562	1.50176	4.9594	-1.74691e-07
0.7	1.55943	0.529842	4.00029	0.757028	2.5	-1.74683e-07
0.8	0.78609	0.267087	2.0165	0.381608	1.26022	-1.74684e-07
0.9	0.396231	0.134626	1.01642	0.192351	0.635216	-1.74684e-07
1	0.199746	0.0678669	0.512393	0.0969668	0.320222	-1.74685e-07
1.1	0.100683	0.0342085	0.258273	0.0488764	0.161409	-1.74685e-07
1.2	0.0507493	0.0172429	0.130183	0.0246363	0.0813586	-1.74685e-07
1.3	0.0255803	0.00869131	0.0656191	0.012418	0.0410089	-1.74684e-07
1.4	0.012895	0.00438129	0.0330786	0.0062599	0.0206726	-1.74683e-07
1.5	0.00650093	0.0022088	0.0166763	0.00315588	0.0104219	-1.74684e-07
1.6	0.00327676	0.00111333	0.00840562	0.00159071	0.00525313	-1.74683e-07
1.7	0.00165274	0.000561545	0.00423964	0.000802323	0.00264958	-1.74683e-07
1.8	0.000835517	0.000283881	0.00214329	0.000405603	0.00133946	-1.74683e-07
1.9	0.000421543	0.000143226	0.00108135	0.000204639	0.000675796	-1.74683e-07
2	0.000212633	7.22455e-05	0.000545451	0.000103223	0.000340882	-1.74683e-07
2.1	0.000106887	3.63166e-05	0.000274189	5.18884e-05	0.000171356	-1.74683e-07
2.2	5.37448e-05	1.82607e-05	0.000137867	2.60904e-05	8.61608e-05	-1.74683e-07
2.3	2.71484e-05	9.2241e-06	6.96416e-05	1.31792e-05	4.35228e-05	-1.74683e-07
2.4	1.37138e-05	4.6595e-06	3.5179e-05	6.65739e-06	2.19853e-05	-1.74683e-07
2.5	6.79983e-06	2.31035e-06	1.74431e-05	3.30098e-06	1.09011e-05	-1.74683e-07
2.6	3.75257e-06	1.275e-06	9.62618e-06	1.82169e-06	6.01592e-06	-1.74683e-07
2.7	2.10778e-06	7.16153e-07	5.40693e-06	1.02322e-06	3.37908e-06	-1.74683e-07
2.8	1.18392e-06	4.02256e-07	3.03702e-06	5.74735e-07	1.898e-06	-1.74683e-07
2.9	6.64996e-07	2.25943e-07	1.70586e-06	3.22823e-07	1.06609e-06	-1.74683e-07
3	3.73522e-07	1.2691e-07	9.58167e-07	1.81327e-07	5.98811e-07	-1.74683e-07
3.1	2.09804e-07	7.12842e-08	5.38193e-07	1.01849e-07	3.36346e-07	-1.74683e-07
3.2	1.17845e-07	4.00396e-08	3.02298e-07	5.72078e-08	1.88922e-07	-1.74684e-07
3.3	6.61922e-08	2.24899e-08	1.69798e-07	3.2133e-08	1.06116e-07	-1.74684e-07
3.4	3.71795e-08	1.26323e-08	9.53737e-08	1.80488e-08	5.96042e-08	-1.74684e-07
3.5	2.08834e-08	7.09546e-09	5.35705e-08	1.01378e-08	3.34791e-08	-1.74683e-07
3.6	1.173e-08	3.98545e-09	3.009e-08	5.69433e-09	1.88049e-08	-1.74683e-07
3.7	6.58861e-09	2.23859e-09	1.69013e-08	3.19845e-09	1.05625e-08	-1.74683e-07
3.8	3.70076e-09	1.25739e-09	9.49327e-09	1.79654e-09	5.93286e-09	-1.74684e-07
3.9	2.07868e-09	7.06265e-10	5.33228e-09	1.0091e-09	3.33243e-09	-1.74684e-07
4	1.16757e-09	3.96702e-10	2.99509e-09	5.668e-10	1.87179e-09	-1.74684e-07
4.1	6.55815e-10	2.22824e-10	1.68231e-09	3.18366e-10	1.05137e-09	-1.74684e-07
4.2	3.68365e-10	1.25158e-10	9.44938e-10	1.78823e-10	5.90543e-10	-1.74683e-07
4.3	2.06907e-10	7.03e-11	5.30762e-10	1.00443e-10	3.31702e-10	-1.74683e-07
4.4	1.16218e-10	3.94868e-11	2.98124e-10	5.64179e-11	1.86314e-10	-1.74683e-07
4.5	6.52783e-11	2.21794e-11	1.67453e-10	3.16894e-11	1.04651e-10	-1.74683e-07
4.6	3.66662e-11	1.24579e-11	9.40569e-11	1.77996e-11	5.87813e-11	-1.74683e-07
4.7	2.0595e-11	6.9975e-12	5.28308e-11	9.99787e-12	3.30169e-11	-1.74684e-07
4.8	1.1568e-11	3.93042e-12	2.96746e-11	5.61571e-12	1.85453e-11	-1.74684e-07
4.9	6.49765e-12	2.20768e-12	1.66679e-11	3.15429e-12	1.04167e-11	-1.74684e-07
5	3.64966e-12	1.24003e-12	9.3622e-12	1.77173e-12	5.85095e-12	-1.74684e-07
5.1	2.04998e-12	6.96514e-13	5.25866e-12	9.95165e-13	3.28642e-12	-1.74684e-07
5.2	1.15145e-12	3.91225e-13	2.95374e-12	5.58974e-13	1.84595e-12	-1.74683e-07
5.3	6.4676e-13	2.19747e-13	1.65908e-12	3.1397e-13	1.03685e-12	-1.74683e-07
5.4	3.63279e-13	1.2343e-13	9.31892e-13	1.76354e-13	5.8239e-13	-1.74683e-07
5.5	2.0405e-13	6.93294e-14	5.23434e-13	9.90564e-14	3.27123e-13	-1.74683e-07
5.6	1.14613e-13	3.89416e-14	2.94008e-13	5.5639e-14	1.83742e-13	-1.74683e-07
5.7	6.4377e-14	2.18731e-14	1.65141e-13	3.12519e-14	1.03206e-13	-1.74683e-07
5.8	3.61599e-14	1.22859e-14	9.27583e-14	1.75539e-14	5.79697e-14	-1.74683e-07
5.9	2.03107e-14	6.90088e-15	5.21014e-14	9.85984e-15	3.2561e-14	-1.74683e-07
6	1.14083e-14	3.87616e-15	2.92649e-14	5.53817e-15	1.82892e-14	-1.74683e-07
6.1	6.40794e-15	2.1772e-15	1.64378e-14	3.11074e-15	1.02729e-14	-1.74683e-07
6.2	3.59928e-15	1.22291e-15	9.23294e-15	1.74727e-15	5.77017e-15	-1.74683e-07
6.3	2.02168e-15	6.86898e-16	5.18605e-15	9.81425e-16	3.24105e-15	-1.74683e-07
6.4	1.13556e-15	3.85824e-16	2.91296e-15	5.51257e-16	1.82046e-15	-1.74683e-07
6.5	6.37831e-16	2.16713e-16	1.63618e-15	3.09636e-16	1.02254e-15	-1.74683e-07
6.6	3.58263e-16	1.21726e-16	9.19026e-16	1.73919e-16	5.74349e-16	-1.74683e-07
6.7	2.01233e-16	6.83722e-17	5.16208e-16	9.76887e-17	3.22606e-16	-1.74683e-07
6.8	1.13031e-16	3.8404e-17	2.89949e-16	5.48708e-17	1.81205e-16	-1.74683e-07
6.9	6.34882e-17	2.15711e-17	1.62861e-16	3.08204e-17	1.01781e-16	-1.74683e-07
7	3.56607e-17	1.21163e-17	9.14776e-17	1.73115e-17	5.71694e-17	-1.74683e-07
7.1	2.00303e-17	6.80561e-18	5.13821e-17	9.72371e-18	3.21115e-17	-1.74683e-07
7.2	1.12508e-17	3.82264e-18	2.88608e-17	5.46171e-18	1.80367e-17	-1.74683e-07
7.3	6.31947e-18	2.14714e-18	1.62108e-17	3.06779e-18	1.0131e-17	-1.74683e-07
7.4	3.54958e-18	1.20603e-18	9.10547e-18	1.72315e-18	5.6905e-18	-1.74683e-07
7.5	1.99377e-18	6.77414e-19	5.11445e-18	9.67875e-19	3.1963e-18	-1.74683e-07
7.6	1.11988e-18	3.80497e-19	2.87274e-18	5.43646e-19	1.79533e-18	-1.74683e-07
7.7	6.29025e-19	2.13721e-19	1.61359e-18	3.05361e-19	1.00842e-18	-1.74683e-07
7.8	3.53317e-19	1.20045e-19	9.06337e-19	1.71518e-19	5.66419e-19	-1.74683e-07
7.9	1.98455e-19	6.74282e-20	5.09081e-19	9.634e-20	3.18152e-19	-1.74683e-07
8	1.1147e-19	3.78738e-20	2.85946e-19	5.41132e-20	1.78703e-19	-1.74683e-07
8.1	6.26116e-20	2.12733e-20	1.60613e-19	3.03949e-20	1.00376e-19	-1.74683e-07
8.2	3.51683e-20	1.1949e-20	9.02146e-20	1.70725e-20	5.638e-20	-1.74683e-07
8.3	1.97537e-20	6.71164e-21	5.06727e-20	9.58946e-21	3.16681e-20	-1.74683e-07
8.4	1.10955e-20	3.76986e-21	2.84623e-20	5.3863e-21	1.77877e-20	-1.74683e-07
8.5	6.23221e-21	2.1175e-21	1.5987e-20	3.02543e-21	9.99116e-21	-1.74683e-07
8.6	3.50057e-21	1.18938e-21	8.97975e-21	1.69936e-21	5.61194e-21	-1.74683e-07
8.7	1.96624e-21	6.68061e-22	5.04384e-21	9.54512e-22	3.15217e-21	-1.74683e-07
8.8	1.10442e-21	3.75243e-22	2.83307e-21	5.3614e-22	1.77054e-21	-1.74683e-07
8.9	6.2034e-22	2.10771e-22	1.59131e-21	3.01145e-22	9.94496e-22	-1.74683e-07
9	3.48439e-22	1.18388e-22	8.93823e-22	1.6915e-22	5.58599e-22	-1.74683e-07
9.1	1.95715e-22	6.64972e-23	5.02052e-22	9.50098e-23	3.13759e-22	-1.74683e-07
9.2	1.09931e-22	3.73508e-23	2.81998e-22	5.33661e-23	1.76236e-22	-1.74683e-07
9.3	6.17472e-23	2.09796e-23	1.58395e-22	2.99752e-23	9.89898e-23	-1.74683e-07
9.4	3.46828e-23	1.1784e-23	8.89691e-23	1.68368e-23	5.56016e-23	-1.74683e-07
9.5	1.9481e-23	6.61898e-24	4.9973e-23	9.45705e-24	3.12309e-23	-1.74683e-07
9.6	1.09423e-23	3.71781e-24	2.80694e-23	5.31193e-24	1.75421e-23	-1.74683e-07
9.7	6.14617e-24	2.08826e-24	1.57663e-23	2.98366e-24	9.85321e-24	-1.74683e-07
9.8	3.45224e-24	1.17295e-24	8.85577e-24	1.67589e-24	5.53445e-24	-1.74683e-07
9.9	1.93909e-24	6.58837e-25	4.9742e-24	9.41333e-25	3.10865e-24	-1.74683e-07
10	1.08917e-24	3.70062e-25	2.79396e-24	5.28737e-25	1.7461e-24	-1.74683e-07
10.1	6.11775e-25	2.0786e-25	1.56934e-24	2.96987e-25	9.80765e-25	-1.74683e-07
10.2	3.43628e-25	1.16753e-25	8.81482e-25	1.66814e-25	5.50886e-25	-1.74683e-07
10.3	1.93012e-25	6.55791e-26	4.9512e-25	9.3698e-26	3.09427e-25	-1.74683e-07
10.4	1.08413e-25	3.68351e-26	2.78104e-25	5.26293e-26	1.73802e-25	-1.74683e-07
10.5	6.08946e-26	2.06899e-26	1.56208e-25	2.95613e-26	9.76231e-26	-1.74683e-07
10.6	3.42039e-26	1.16213e-26	8.77407e-26	1.66043e-26	5.48339e-26	-1.74683e-07
10.7	1.9212e-26	6.52759e-27	4.92831e-26	9.32648e-27	3.07997e-26	-1.74683e-07
10.8	1.07912e-26	3.66648e-27	2.76818e-26	5.23859e-27	1.72999e-26	-1.74683e-07
10.9	6.06131e-27	2.05943e-27	1.55486e-26	2.94247e-27	9.71717e-27	-1.74683e-07
11	3.40458e-27	1.15676e-27	8.7335e-27	1.65275e-27	5.45804e-27	-1.74683e-07
11.1	1.91232e-27	6.49741e-28	4.90552e-27	9.28336e-28	3.06573e-27	-1.74683e-07
11.2	1.07413e-27	3.64953e-28	2.75538e-27	5.21437e-28	1.72199e-27	-1.74683e-07
11.3	6.03328e-28	2.04991e-28	1.54767e-27	2.92886e-28	9.67224e-28	-1.74683e-07
11.4	3.38884e-28	1.15141e-28	8.69312e-28	1.64511e-28	5.4328e-28	-1.74683e-07
11.5	1.90348e-28	6.46737e-29	4.88284e-28	9.24044e-29	3.05155e-28	-1.74683e-07
11.6	1.06916e-28	3.63266e-29	2.74264e-28	5.19026e-29	1.71403e-28	-1.74683e-07
11.7	6.00539e-29	2.04043e-29	1.54052e-28	2.91532e-29	9.62752e-29	-1.74683e-07
11.8	3.37317e-29	1.14609e-29	8.65293e-29	1.63751e-29	5.40768e-29	-1.74683e-07
11.9	1.89468e-29	6.43747e-30	4.86026e-29	9.19771e-30	3.03744e-29	-1.74683e-07
12	1.06422e-29	3.61586e-30	2.72996e-29	5.16627e-30	1.7061e-29	-1.74683e-07
12.1	5.97762e-30	2.03099e-30	1.53339e-29	2.90184e-30	9.58301e-30	-1.74683e-07
12.2	3.35757e-30	1.14079e-30	8.61292e-30	1.62994e-30	5.38268e-30	-1.74683e-07
12.3	1.88591e-30	6.4077e-31	4.83779e-30	9.15519e-31	3.0234e-30	-1.74683e-07
12.4	1.0593e-30	3.59914e-31	2.71734e-30	5.14238e-31	1.69821e-30	-1.74683e-07
12.5	5.94998e-31	2.0216e-31	1.5263e-30	2.88842e-31	9.5387e-31	-1.74683e-07
12.6	3.34205e-31	1.13551e-31	8.5731e-31	1.6224e-31	5.35779e-31	-1.74683e-07
12.7	1.8772e-31	6.37807e-32	4.81542e-31	9.11286e-32	3.00942e-31	-1.74683e-07
12.8	1.0544e-31	3.5825e-32	2.70478e-31	5.1186e-32	1.69036e-31	-1.74683e-07
12.9	5.92247e-32	2.01226e-32	1.51925e-31	2.87507e-32	9.4946e-32	-1.74683e-07
13	3.3266e-32	1.13026e-32	8.53346e-32	1.6149e-32	5.33302e-32	-1.74683e-07
13.1	1.86852e-32	6.34859e-33	4.79316e-32	9.07072e-33	2.99551e-32	-1.74683e-07
13.2	1.04953e-32	3.56594e-33	2.69227e-32	5.09494e-33	1.68255e-32	-1.74683e-07
13.3	5.89509e-33	2.00295e-33	1.51222e-32	2.86178e-33	9.4507e-33	-1.74683e-07
13.4	3.31121e-33	1.12504e-33	8.494e-33	1.60743e-33	5.30836e-33	-1.74683e-07
13.5	1.85988e-33	6.31923e-34	4.771e-33	9.02878e-34	2.98166e-33	-1.74683e-07
13.6	1.04467e-33	3.54945e-34	2.67982e-33	5.07138e-34	1.67477e-33	-1.74683e-07
13.7	5.86783e-34	1.99369e-34	1.50523e-33	2.84854e-34	9.407e-34	-1.74683e-07
13.8	3.2959e-34	1.11984e-34	8.45473e-34	1.6e-34	5.28382e-34	-1.74683e-07
13.9	1.85128e-34	6.29001e-35	4.74894e-34	8.98704e-35	2.96787e-34	-1.74683e-07
14	1.03984e-34	3.53304e-35	2.66743e-34	5.04793e-35	1.66702e-34	-1.74683e-07
14.1	5.8407e-35	1.98447e-35	1.49827e-34	2.83537e-35	9.36351e-35	-1.74683e-07
14.2	3.28067e-35	1.11466e-35	8.41564e-35	1.5926e-35	5.25939e-35	-1.74683e-07
14.3	1.84272e-35	6.26093e-36	4.72698e-35	8.94549e-36	2.95415e-35	-1.74683e-07
14.4	1.03504e-35	3.5167e-36	2.6551e-35	5.02459e-36	1.65932e-35	-1.74683e-07
14.5	5.8137e-36	1.9753e-36	1.49134e-35	2.82226e-36	9.32021e-36	-1.74683e-07
14.6	3.2655e-36	1.10951e-36	8.37673e-36	1.58524e-36	5.23507e-36	-1.74683e-07
14.7	1.8342e-36	6.23198e-37	4.70513e-36	8.90413e-37	2.94049e-36	-1.74683e-07
14.8	1.03025e-36	3.50044e-37	2.64282e-36	5.00136e-37	1.65164e-36	-1.74683e-07
14.9	5.78682e-37	1.96616e-37	1.48445e-36	2.80921e-37	9.27712e-37	-1.74683e-07
15	3.2504e-37	1.10438e-37	8.338e-37	1.57791e-37	5.21087e-37	-1.74683e-07
15.1	1.82572e-37	6.20317e-38	4.68337e-37	8.86296e-38	2.92689e-37	-1.74683e-07
15.2	1.02549e-37	3.48426e-38	2.6306e-37	4.97824e-38	1.64401e-37	-1.74683e-07
15.3	5.76006e-38	1.95707e-38	1.47758e-37	2.79623e-38	9.23423e-38	-1.74683e-07
15.4	3.23537e-38	1.09927e-38	8.29944e-38	1.57061e-38	5.18677e-38	-1.74683e-07
15.5	1.81728e-38	6.17449e-39	4.66172e-38	8.82198e-39	2.91336e-38	-1.74683e-07
15.6	1.02075e-38	3.46815e-39	2.61844e-38	4.95522e-39	1.63641e-38	-1.74683e-07
15.7	5.73343e-39	1.94803e-39	1.47075e-38	2.7833e-39	9.19153e-39	-1.74683e-07
15.8	3.22041e-39	1.09419e-39	8.26107e-39	1.56335e-39	5.16279e-39	-1.74683e-07
15.9	1.80887e-39	6.14594e-40	4.64016e-39	8.78119e-40	2.89989e-39	-1.74683e-07
16	1.01603e-39	3.45211e-40	2.60633e-39	4.93231e-40	1.62884e-39	-1.74683e-07
16.1	5.70692e-40	1.93902e-40	1.46395e-39	2.77043e-40	9.14903e-40	-1.74683e-07
16.2	3.20552e-40	1.08913e-40	8.22288e-40	1.55612e-40	5.13892e-40	-1.74683e-07
16.3	1.80051e-40	6.11752e-41	4.61871e-40	8.74059e-41	2.88648e-40	-1.74683e-07
16.4	1.01133e-40	3.43615e-41	2.59428e-40	4.9095e-41	1.62131e-40	-1.74683e-07
16.5	5.68053e-41	1.93005e-41	1.45718e-40	2.75762e-41	9.10673e-41	-1.74683e-07
16.6	3.1907e-41	1.08409e-41	8.18486e-41	1.54893e-41	5.11516e-41	-1.74683e-07
16.7	1.79218e-41	6.08924e-42	4.59735e-41	8.70017e-42	2.87314e-41	-1.74683e-07
16.8	1.00665e-41	3.42027e-42	2.58229e-41	4.8868e-42	1.61381e-41	-1.74683e-07
16.9	5.65427e-42	1.92113e-42	1.45045e-41	2.74487e-42	9.06463e-42	-1.74683e-07
17	3.17595e-42	1.07908e-42	8.14701e-42	1.54177e-42	5.09151e-42	-1.74683e-07
17.1	1.7839e-42	6.06108e-43	4.5761e-42	8.65995e-43	2.85985e-42	-1.74683e-07
17.2	1.002e-42	3.40445e-43	2.57035e-42	4.86421e-43	1.60635e-42	-1.74683e-07
17.3	5.62813e-43	1.91225e-43	1.44374e-42	2.73218e-43	9.02271e-43	-1.74683e-07
17.4	3.16126e-43	1.07409e-43	8.10934e-43	1.53464e-43	5.06797e-43	-1.74683e-07
17.5	1.77565e-43	6.03306e-44	4.55494e-43	8.61991e-44	2.84663e-43	-1.74683e-07
17.6	9.97365e-44	3.38871e-44	2.55846e-43	4.84172e-44	1.59892e-43	-1.74683e-07
17.7	5.6021e-44	1.90341e-44	1.43706e-43	2.71955e-44	8.981e-44	-1.74683e-07
17.8	3.14665e-44	1.06912e-44	8.07185e-44	1.52754e-44	5.04454e-44	-1.74683e-07
17.9	1.76744e-44	6.00517e-45	4.53388e-44	8.58005e-45	2.83347e-44	-1.74683e-07
18	9.92754e-45	3.37304e-45	2.54664e-44	4.81933e-45	1.59153e-44	-1.74683e-07
18.1	5.5762e-45	1.89461e-45	1.43042e-44	2.70697e-45	8.93947e-45	-1.74683e-07
18.2	3.1321e-45	1.06418e-45	8.03453e-45	1.52048e-45	5.02121e-45	-1.74683e-07
18.3	1.75927e-45	5.9774e-46	4.51292e-45	8.54038e-46	2.82037e-45	-1.74683e-07
18.4	9.88164e-46	3.35745e-46	2.53486e-45	4.79705e-46	1.58417e-45	-1.74683e-07
18.5	5.55042e-46	1.88585e-46	1.42381e-45	2.69446e-46	8.89814e-46	-1.74683e-07
18.6	3.11762e-46	1.05926e-46	7.99738e-46	1.51345e-46	4.998e-46	-1.74683e-07
18.7	1.75113e-46	5.94976e-47	4.49205e-46	8.5009e-47	2.80733e-46	-1.74683e-07
18.8	9.83595e-47	3.34192e-47	2.52314e-46	4.77487e-47	1.57685e-46	-1.74683e-07
18.9	5.52476e-47	1.87713e-47	1.41722e-46	2.682e-47	8.857e-47	-1.74683e-07
19	3.1032e-47	1.05436e-47	7.96041e-47	1.50645e-47	4.97489e-47	-1.74683e-07
19.1	1.74304e-47	5.92225e-48	4.47128e-47	8.46159e-48	2.79435e-47	-1.74683e-07
19.2	9.79047e-48	3.32647e-48	2.51148e-47	4.75279e-48	1.56956e-47	-1.74683e-07
19.3	5.49921e-48	1.86845e-48	1.41067e-47	2.6696e-48	8.81605e-48	-1.74683e-07
19.4	3.08885e-48	1.04949e-48	7.9236e-48	1.49949e-48	4.95189e-48	-1.74683e-07
19.5	1.73498e-48	5.89487e-49	4.45061e-48	8.42247e-49	2.78143e-48	-1.74683e-07
19.6	9.74521e-49	3.31109e-49	2.49986e-48	4.73082e-49	1.5623e-48	-1.74683e-07
19.7	5.47379e-49	1.85981e-49	1.40415e-48	2.65725e-49	8.77529e-49	-1.74683e-07
19.8	3.07457e-49	1.04464e-49	7.88696e-49	1.49255e-49	4.92899e-49	-1.74683e-07
19.9	1.72696e-49	5.86762e-50	4.43003e-49	8.38353e-50	2.76857e-49	-1.74683e-07
20	9.70015e-50	3.29578e-50	2.4883e-49	4.70895e-50	1.55508e-49	-1.74683e-07
20.1	5.44848e-50	1.85121e-50	1.39766e-49	2.64497e-50	8.73471e-50	-1.74683e-07
20.2	3.06036e-50	1.03981e-50	7.8505e-50	1.48565e-50	4.9062e-50	-1.74683e-07
20.3	1.71897e-50	5.84049e-51	4.40955e-50	8.34477e-51	2.75577e-50	-1.74683e-07
20.4	9.6553e-51	3.28054e-51	2.4768e-50	4.68717e-51	1.54789e-50	-1.74683e-07
20.5	5.42329e-51	1.84265e-51	1.39119e-50	2.63274e-51	8.69433e-51	-1.74683e-07
20.6	3.04621e-51	1.035e-51	7.8142e-51	1.47878e-51	4.88352e-51	-1.74683e-07
20.7	1.71102e-51	5.81348e-52	4.38916e-51	8.30618e-52	2.74302e-51	-1.74683e-07
20.8	9.61066e-52	3.26538e-52	2.46535e-51	4.6655e-52	1.54073e-51	-1.74683e-07
20.9	5.39821e-52	1.83413e-52	1.38476e-51	2.62057e-52	8.65413e-52	-1.74683e-07
21	3.03212e-52	1.03021e-52	7.77807e-52	1.47195e-52	4.86094e-52	-1.74683e-07
21.1	1.70311e-52	5.7866e-53	4.36887e-52	8.26778e-53	2.73034e-52	-1.74683e-07
21.2	9.56622e-53	3.25028e-53	2.45395e-52	4.64393e-53	1.53361e-52	-1.74683e-07
21.3	5.37325e-53	1.82565e-53	1.37836e-52	2.60845e-53	8.61412e-53	-1.74683e-07
21.4	3.0181e-53	1.02545e-53	7.74211e-53	1.46514e-53	4.83846e-53	-1.74683e-07
21.5	1.69524e-53	5.75985e-54	4.34867e-53	8.22955e-54	2.71772e-53	-1.74683e-07
21.6	9.52199e-54	3.23525e-54	2.4426e-53	4.62246e-54	1.52652e-53	-1.74683e-07
21.7	5.34841e-54	1.81721e-54	1.37199e-53	2.59639e-54	8.57429e-54	-1.74683e-07
21.8	3.00415e-54	1.02071e-54	7.70631e-54	1.45837e-54	4.81609e-54	-1.74683e-07
21.9	1.6874e-54	5.73322e-55	4.32856e-54	8.1915e-55	2.70515e-54	-1.74683e-07
22	9.47797e-55	3.22029e-55	2.43131e-54	4.60109e-55	1.51946e-54	-1.74683e-07
22.1	5.32368e-55	1.80881e-55	1.36564e-54	2.58439e-55	8.53464e-55	-1.74683e-07
22.2	2.99026e-55	1.01599e-55	7.67068e-55	1.45162e-55	4.79383e-55	-1.74683e-07
22.3	1.6796e-55	5.70671e-56	4.30855e-55	8.15363e-56	2.69265e-55	-1.74683e-07
22.4	9.43414e-56	3.2054e-56	2.42007e-55	4.57981e-56	1.51243e-55	-1.74683e-07
22.5	5.29907e-56	1.80044e-56	1.35933e-55	2.57244e-56	8.49518e-56	-1.74683e-07
22.6	2.97643e-56	1.01129e-56	7.63522e-56	1.44491e-56	4.77166e-56	-1.74683e-07
22.7	1.67183e-56	5.68033e-57	4.28863e-56	8.11593e-57	2.6802e-56	-1.74683e-07
22.8	9.39052e-57	3.19058e-57	2.40888e-56	4.55864e-57	1.50544e-56	-1.74683e-07
22.9	5.27457e-57	1.79212e-57	1.35304e-56	2.56054e-57	8.45591e-57	-1.74683e-07
23	2.96267e-57	1.00662e-57	7.59991e-57	1.43823e-57	4.7496e-57	-1.74683e-07
23.1	1.6641e-57	5.65406e-58	4.2688e-57	8.0784e-58	2.6678e-57	-1.74683e-07
23.2	9.34711e-58	3.17583e-58	2.39774e-57	4.53756e-58	1.49848e-57	-1.74683e-07
23.3	5.25018e-58	1.78383e-58	1.34679e-57	2.5487e-58	8.41681e-58	-1.74683e-07
23.4	2.94897e-58	1.00196e-58	7.56477e-58	1.43158e-58	4.72764e-58	-1.74683e-07
23.5	1.65641e-58	5.62792e-59	4.24906e-58	8.04105e-59	2.65547e-58	-1.74683e-07
23.6	9.30389e-59	3.16115e-59	2.38666e-58	4.51658e-59	1.49155e-58	-1.74683e-07
23.7	5.2259e-59	1.77559e-59	1.34056e-58	2.53692e-59	8.37789e-59	-1.74683e-07
23.8	2.93534e-59	9.97329e-60	7.5298e-59	1.42496e-59	4.70578e-59	-1.74683e-07
23.9	1.64875e-59	5.6019e-60	4.22941e-59	8.00387e-60	2.64319e-59	-1.74683e-07
24	9.26087e-60	3.14653e-60	2.37562e-59	4.4957e-60	1.48465e-59	-1.74683e-07


