Results of Simulation 1

Time	CR_mgL	CS_mgL	CBL_mgL	BalErr
0	0	0	0	-nan
0.1	265.769	475.642	447.348	-3.30056e-11
0.2	289.395	696.138	483.29	-3.3087e-11
0.3	294.45	763.647	490.878	-3.3411e-11
0.4	294.128	780.457	490.074	-3.37538e-11
0.5	292.076	780.731	486.568	-3.41004e-11
0.6	289.477	775.648	482.209	-3.44497e-11
0.7	286.717	768.863	477.604	-3.47787e-11
0.8	283.925	761.573	472.949	-3.51203e-11
0.9	281.14	754.169	468.31	-3.54621e-11
1	278.377	746.777	463.706	-3.58082e-11
1.1	275.638	739.437	459.144	-3.62068e-11
1.2	272.925	732.163	454.626	-3.66068e-11
1.3	270.24	724.958	450.151	-3.69728e-11
1.4	267.58	717.824	445.721	-3.7342e-11
1.5	264.946	710.759	441.334	-3.77169e-11
1.6	262.339	703.764	436.991	-3.80934e-11
1.7	259.757	696.838	432.69	-3.84779e-11
1.8	257.2	689.979	428.432	-3.88649e-11
1.9	254.669	683.189	424.215	-3.92515e-11
2	252.163	676.465	420.04	-3.9645e-11
2.1	249.681	669.807	415.906	-4.00398e-11
2.2	247.224	663.215	411.813	-4.04387e-11
2.3	244.791	656.688	407.76	-4.08407e-11
2.4	242.381	650.225	403.747	-4.12466e-11
2.5	239.996	643.825	399.773	-4.16566e-11
2.6	237.634	637.489	395.839	-4.20705e-11
2.7	235.295	631.215	391.943	-4.24887e-11
2.8	232.979	625.003	388.085	-4.2911e-11
2.9	230.686	618.851	384.266	-4.33375e-11
3	228.416	612.761	380.484	-4.37697e-11
3.1	226.168	606.73	376.739	-4.42051e-11
3.2	223.942	600.759	373.032	-4.46446e-11
3.3	221.738	594.846	369.36	-4.50884e-11
3.4	219.556	588.992	365.725	-4.55364e-11
3.5	217.395	583.195	362.126	-4.59892e-11
3.6	215.255	577.455	358.562	-4.64465e-11
3.7	213.137	571.772	355.033	-4.6912e-11
3.8	211.039	566.145	351.539	-4.73851e-11
3.9	208.962	560.573	348.079	-4.78555e-11
4	206.906	555.056	344.653	-4.83301e-11
4.1	204.869	549.593	341.261	-4.88085e-11
4.2	202.853	544.184	337.902	-4.92939e-11
4.3	200.857	538.829	334.577	-4.97838e-11
4.4	198.88	533.525	331.284	-5.02789e-11
4.5	196.923	528.275	328.024	-5.07794e-11
4.6	194.984	523.075	324.795	-5.1284e-11
4.7	193.065	517.927	321.599	-5.17942e-11
4.8	191.165	512.83	318.434	-5.23095e-11
4.9	189.284	507.783	315.3	-5.28295e-11
5	187.421	502.785	312.196	-5.33548e-11
5.1	185.576	497.837	309.124	-5.38852e-11
5.2	183.75	492.937	306.082	-5.44208e-11
5.3	181.942	488.086	303.069	-5.49613e-11
5.4	180.151	483.282	300.086	-5.55071e-11
5.5	178.378	478.526	297.133	-5.60587e-11
5.6	176.622	473.816	294.209	-5.66161e-11
5.7	174.884	469.153	291.313	-5.71777e-11
5.8	173.163	464.536	288.446	-5.77459e-11
5.9	171.459	459.964	285.607	-5.832e-11
6	169.771	455.437	282.796	-5.89009e-11
6.1	168.1	450.955	280.013	-5.94885e-11
6.2	166.446	446.517	277.257	-6.00795e-11
6.3	164.808	442.122	274.529	-6.06769e-11
6.4	163.186	437.771	271.827	-6.12803e-11
6.5	161.58	433.462	269.151	-6.18899e-11
6.6	159.99	429.196	266.503	-6.25053e-11
6.7	158.415	424.972	263.88	-6.31267e-11
6.8	156.856	420.79	261.283	-6.37542e-11
6.9	155.312	416.648	258.711	-6.43887e-11
7	153.784	412.548	256.165	-6.50288e-11
7.1	152.27	408.488	253.644	-6.56753e-11
7.2	150.771	404.467	251.147	-6.63283e-11
7.3	149.288	400.487	248.676	-6.69875e-11
7.4	147.818	396.545	246.228	-6.76534e-11
7.5	146.364	392.642	243.805	-6.83259e-11
7.6	144.923	388.778	241.406	-6.90051e-11
7.7	143.497	384.952	239.03	-6.9692e-11
7.8	142.084	381.163	236.677	-7.03848e-11
7.9	140.686	377.412	234.348	-7.10846e-11
8	139.301	373.697	232.041	-7.17915e-11
8.1	137.931	370.02	229.758	-7.2505e-11
8.2	136.573	366.378	227.496	-7.32256e-11
8.3	135.229	362.772	225.257	-7.39533e-11
8.4	133.898	359.202	223.041	-7.46883e-11
8.5	132.58	355.667	220.845	-7.54306e-11
8.6	131.275	352.166	218.672	-7.61804e-11
8.7	129.983	348.7	216.52	-7.69379e-11
8.8	128.704	345.268	214.389	-7.77025e-11
8.9	127.437	341.87	212.279	-7.84751e-11
9	126.183	338.506	210.19	-7.92551e-11
9.1	124.941	335.174	208.121	-8.00429e-11
9.2	123.712	331.875	206.073	-8.08385e-11
9.3	122.494	328.609	204.045	-8.16419e-11
9.4	121.289	325.375	202.036	-8.24515e-11
9.5	120.095	322.173	200.048	-8.32711e-11
9.6	118.913	319.002	198.079	-8.40987e-11
9.7	117.743	315.862	196.13	-8.49345e-11
9.8	116.584	312.754	194.199	-8.57753e-11
9.9	115.436	309.676	192.288	-8.66251e-11
10	114.3	306.628	190.396	-8.74863e-11
10.1	113.175	303.61	188.522	-8.83583e-11
10.2	112.062	300.622	186.666	-8.92392e-11
10.3	110.959	297.663	184.829	-9.01259e-11
10.4	109.867	294.734	183.01	-9.10224e-11
10.5	108.785	291.833	181.209	-9.19273e-11
10.6	107.715	288.961	179.426	-9.28409e-11
10.7	106.655	286.117	177.66	-9.37638e-11
10.8	105.605	283.301	175.911	-9.46969e-11
10.9	104.566	280.513	174.18	-9.56389e-11
11	103.536	277.752	172.466	-9.65891e-11
11.1	102.517	275.019	170.768	-9.75496e-11
11.2	101.509	272.312	169.088	-9.85195e-11
11.3	100.509	269.632	167.424	-9.95015e-11
11.4	99.5203	266.978	165.776	-1.00493e-10
11.5	98.5408	264.351	164.144	-1.01492e-10
11.6	97.571	261.749	162.529	-1.025e-10
11.7	96.6107	259.173	160.929	-1.03519e-10
11.8	95.6599	256.622	159.345	-1.04548e-10
11.9	94.7184	254.097	157.777	-1.05587e-10
12	93.7862	251.596	156.224	-1.06636e-10
12.1	358.631	724.761	602.038	-2.50763e-11
12.2	381.344	942.804	636.454	-2.52948e-11
12.3	385.494	1007.89	642.536	-2.54352e-11
12.4	384.276	1022.29	640.239	-2.56326e-11
12.5	381.336	1020.18	635.254	-2.59168e-11
12.6	377.859	1012.75	629.432	-2.61874e-11
12.7	374.23	1003.63	623.378	-2.64323e-11
12.8	370.577	994.031	617.289	-2.66301e-11
12.9	366.939	984.338	611.229	-2.68433e-11
13	363.331	974.68	605.218	-2.71231e-11
13.1	359.756	965.097	599.263	-2.73933e-11
13.2	356.216	955.601	593.366	-2.76839e-11
13.3	352.71	946.198	587.527	-2.79637e-11
13.4	349.239	936.886	581.744	-2.82415e-11
13.5	345.802	927.665	576.019	-2.85224e-11
13.6	342.398	918.536	570.35	-2.88062e-11
13.7	339.029	909.495	564.737	-2.90929e-11
13.8	335.692	900.544	559.179	-2.93822e-11
13.9	332.388	891.681	553.675	-2.96734e-11
14	329.117	882.906	548.226	-2.99685e-11
14.1	325.878	874.216	542.831	-3.02664e-11
14.2	322.67	865.612	537.488	-3.0567e-11
14.3	319.495	857.093	532.198	-3.087e-11
14.4	316.35	848.658	526.96	-3.11761e-11
14.5	313.237	840.306	521.774	-3.1486e-11
14.6	310.154	832.035	516.639	-3.18001e-11
14.7	307.102	823.847	511.554	-3.21158e-11
14.8	304.079	815.739	506.52	-3.24344e-11
14.9	301.086	807.71	501.535	-3.2757e-11
15	298.123	799.761	496.599	-3.30826e-11
15.1	295.189	791.89	491.711	-3.34117e-11
15.2	292.284	784.096	486.872	-3.37438e-11
15.3	289.407	776.379	482.08	-3.40789e-11
15.4	286.559	768.738	477.336	-3.44179e-11
15.5	283.739	761.172	472.638	-3.4759e-11
15.6	280.946	753.681	467.986	-3.51056e-11
15.7	278.181	746.263	463.38	-3.5455e-11
15.8	275.443	738.919	458.82	-3.58071e-11
15.9	272.733	731.647	454.304	-3.6163e-11
16	270.048	724.446	449.833	-3.65222e-11
16.1	267.391	717.316	445.406	-3.68854e-11
16.2	264.759	710.256	441.022	-3.72519e-11
16.3	262.153	703.266	436.682	-3.76209e-11
16.4	259.573	696.345	432.384	-3.79945e-11
16.5	257.019	689.491	428.129	-3.83723e-11
16.6	254.489	682.706	423.915	-3.87537e-11
16.7	251.984	675.986	419.743	-3.91384e-11
16.8	249.504	669.334	415.612	-3.95272e-11
16.9	247.049	662.746	411.522	-3.99199e-11
17	244.617	656.223	407.471	-4.03173e-11
17.1	242.21	649.765	403.461	-4.07182e-11
17.2	239.826	643.37	399.49	-4.11225e-11
17.3	237.466	637.038	395.559	-4.15319e-11
17.4	235.129	630.769	391.666	-4.19452e-11
17.5	232.815	624.561	387.811	-4.23621e-11
17.6	230.523	618.414	383.994	-4.27832e-11
17.7	228.255	612.328	380.215	-4.32085e-11
17.8	226.008	606.301	376.473	-4.36381e-11
17.9	223.784	600.334	372.768	-4.40724e-11
18	221.581	594.426	369.099	-4.45104e-11
18.1	219.401	588.575	365.466	-4.49528e-11
18.2	217.241	582.783	361.87	-4.53996e-11
18.3	215.103	577.047	358.308	-4.58511e-11
18.4	212.986	571.368	354.782	-4.63065e-11
18.5	210.89	565.745	351.29	-4.67667e-11
18.6	208.815	560.177	347.833	-4.72315e-11
18.7	206.759	554.664	344.409	-4.76989e-11
18.8	204.725	549.205	341.02	-4.81694e-11
18.9	202.71	543.8	337.664	-4.86486e-11
19	200.715	538.448	334.34	-4.91324e-11
19.1	198.739	533.148	331.05	-4.96207e-11
19.2	196.783	527.901	327.792	-5.0114e-11
19.3	194.847	522.706	324.566	-5.06122e-11
19.4	192.929	517.561	321.371	-5.11131e-11
19.5	191.03	512.467	318.208	-5.16169e-11
19.6	189.15	507.424	315.077	-5.21305e-11
19.7	187.289	502.43	311.976	-5.26487e-11
19.8	185.445	497.485	308.905	-5.31732e-11
19.9	183.62	492.589	305.865	-5.37019e-11
20	181.813	487.741	302.855	-5.42359e-11
20.1	180.024	482.941	299.874	-5.47749e-11
20.2	178.252	478.188	296.923	-5.53196e-11
20.3	176.498	473.481	294.001	-5.58693e-11
20.4	174.76	468.822	291.107	-5.64245e-11
20.5	173.041	464.207	288.242	-5.69846e-11
20.6	171.337	459.639	285.405	-5.75504e-11
20.7	169.651	455.115	282.596	-5.81226e-11
20.8	167.982	450.636	279.815	-5.86999e-11
20.9	166.328	446.201	277.061	-5.92835e-11
21	164.691	441.809	274.334	-5.98729e-11
21.1	163.07	437.461	271.635	-6.04681e-11
21.2	161.466	433.156	268.961	-6.10686e-11
21.3	159.876	428.893	266.314	-6.16751e-11
21.4	158.303	424.672	263.693	-6.22871e-11
21.5	156.745	420.492	261.098	-6.29062e-11
21.6	155.202	416.354	258.528	-6.35311e-11
21.7	153.675	412.256	255.984	-6.41626e-11
21.8	152.162	408.199	253.464	-6.47998e-11
21.9	150.665	404.181	250.97	-6.54476e-11
22	149.182	400.203	248.5	-6.61065e-11
22.1	147.714	396.264	246.054	-6.67661e-11
22.2	146.26	392.364	243.632	-6.74343e-11
22.3	144.82	388.503	241.235	-6.81061e-11
22.4	143.395	384.679	238.86	-6.87843e-11
22.5	141.984	380.893	236.51	-6.94679e-11
22.6	140.586	377.145	234.182	-7.01586e-11
22.7	139.203	373.433	231.877	-7.08558e-11
22.8	137.833	369.758	229.595	-7.156e-11
22.9	136.476	366.119	227.335	-7.2271e-11
23	135.133	362.515	225.098	-7.29893e-11
23.1	133.803	358.947	222.883	-7.3715e-11
23.2	132.486	355.415	220.689	-7.4448e-11
23.3	131.182	351.917	218.517	-7.51875e-11
23.4	129.891	348.453	216.366	-7.59343e-11
23.5	128.613	345.024	214.237	-7.66887e-11
23.6	127.347	341.628	212.129	-7.74511e-11
23.7	126.094	338.266	210.041	-7.82212e-11
23.8	124.853	334.937	207.974	-7.89985e-11
23.9	123.624	331.64	205.927	-7.97835e-11
24	122.407	328.377	203.9	-8.05767e-11


